This is pdfTeX, Version 3.141592653-2.6-1.40.26 (TeX Live 2024) (preloaded format=pdflatex 2024.7.31)  26 AUG 2024 12:21
entering extended mode
 restricted \write18 enabled.
 %&-line parsing enabled.
**project.tex
(./project.tex
LaTeX2e <2024-06-01> patch level 2
L3 programming layer <2024-05-27>
(/Users/andrewshin/Library/TinyTeX/texmf-dist/tex/latex/base/article.cls
Document Class: article 2024/02/08 v1.4n Standard LaTeX document class
(/Users/andrewshin/Library/TinyTeX/texmf-dist/tex/latex/base/size10.clo
File: size10.clo 2024/02/08 v1.4n Standard LaTeX file (size option)
)
\c@part=\count194
\c@section=\count195
\c@subsection=\count196
\c@subsubsection=\count197
\c@paragraph=\count198
\c@subparagraph=\count199
\c@figure=\count266
\c@table=\count267
\abovecaptionskip=\skip49
\belowcaptionskip=\skip50
\bibindent=\dimen141
) (/Users/andrewshin/Library/TinyTeX/texmf-dist/tex/latex/amsmath/amsmath.sty
Package: amsmath 2024/05/23 v2.17q AMS math features
\@mathmargin=\skip51
For additional information on amsmath, use the `?' option.
(/Users/andrewshin/Library/TinyTeX/texmf-dist/tex/latex/amsmath/amstext.sty
Package: amstext 2021/08/26 v2.01 AMS text
(/Users/andrewshin/Library/TinyTeX/texmf-dist/tex/latex/amsmath/amsgen.sty
File: amsgen.sty 1999/11/30 v2.0 generic functions
\@emptytoks=\toks17
\ex@=\dimen142
)) (/Users/andrewshin/Library/TinyTeX/texmf-dist/tex/latex/amsmath/amsbsy.sty
Package: amsbsy 1999/11/29 v1.2d Bold Symbols
\pmbraise@=\dimen143
) (/Users/andrewshin/Library/TinyTeX/texmf-dist/tex/latex/amsmath/amsopn.sty
Package: amsopn 2022/04/08 v2.04 operator names
)
\inf@bad=\count268
LaTeX Info: Redefining \frac on input line 233.
\uproot@=\count269
\leftroot@=\count270
LaTeX Info: Redefining \overline on input line 398.
LaTeX Info: Redefining \colon on input line 409.
\classnum@=\count271
\DOTSCASE@=\count272
LaTeX Info: Redefining \ldots on input line 495.
LaTeX Info: Redefining \dots on input line 498.
LaTeX Info: Redefining \cdots on input line 619.
\Mathstrutbox@=\box52
\strutbox@=\box53
LaTeX Info: Redefining \big on input line 721.
LaTeX Info: Redefining \Big on input line 722.
LaTeX Info: Redefining \bigg on input line 723.
LaTeX Info: Redefining \Bigg on input line 724.
\big@size=\dimen144
LaTeX Font Info:    Redeclaring font encoding OML on input line 742.
LaTeX Font Info:    Redeclaring font encoding OMS on input line 743.
\macc@depth=\count273
LaTeX Info: Redefining \bmod on input line 904.
LaTeX Info: Redefining \pmod on input line 909.
LaTeX Info: Redefining \smash on input line 939.
LaTeX Info: Redefining \relbar on input line 969.
LaTeX Info: Redefining \Relbar on input line 970.
\c@MaxMatrixCols=\count274
\dotsspace@=\muskip17
\c@parentequation=\count275
\dspbrk@lvl=\count276
\tag@help=\toks18
\row@=\count277
\column@=\count278
\maxfields@=\count279
\andhelp@=\toks19
\eqnshift@=\dimen145
\alignsep@=\dimen146
\tagshift@=\dimen147
\tagwidth@=\dimen148
\totwidth@=\dimen149
\lineht@=\dimen150
\@envbody=\toks20
\multlinegap=\skip52
\multlinetaggap=\skip53
\mathdisplay@stack=\toks21
LaTeX Info: Redefining \[ on input line 2953.
LaTeX Info: Redefining \] on input line 2954.
) (/Users/andrewshin/Library/TinyTeX/texmf-dist/tex/latex/amsfonts/amssymb.sty
Package: amssymb 2013/01/14 v3.01 AMS font symbols
(/Users/andrewshin/Library/TinyTeX/texmf-dist/tex/latex/amsfonts/amsfonts.sty
Package: amsfonts 2013/01/14 v3.01 Basic AMSFonts support
\symAMSa=\mathgroup4
\symAMSb=\mathgroup5
LaTeX Font Info:    Redeclaring math symbol \hbar on input line 98.
LaTeX Font Info:    Overwriting math alphabet `\mathfrak' in version `bold'
(Font)                  U/euf/m/n --> U/euf/b/n on input line 106.
)) (/Users/andrewshin/Library/TinyTeX/texmf-dist/tex/generic/iftex/iftex.sty
Package: iftex 2022/02/03 v1.0f TeX engine tests
) (/Users/andrewshin/Library/TinyTeX/texmf-dist/tex/latex/base/fontenc.sty
Package: fontenc 2021/04/29 v2.0v Standard LaTeX package
) (/Users/andrewshin/Library/TinyTeX/texmf-dist/tex/latex/base/inputenc.sty
Package: inputenc 2024/02/08 v1.3d Input encoding file
\inpenc@prehook=\toks22
\inpenc@posthook=\toks23
) (/Users/andrewshin/Library/TinyTeX/texmf-dist/tex/latex/base/textcomp.sty
Package: textcomp 2024/04/24 v2.1b Standard LaTeX package
) (/Users/andrewshin/Library/TinyTeX/texmf-dist/tex/latex/lm/lmodern.sty
Package: lmodern 2015/05/01 v1.6.1 Latin Modern Fonts
LaTeX Font Info:    Overwriting symbol font `operators' in version `normal'
(Font)                  OT1/cmr/m/n --> OT1/lmr/m/n on input line 22.
LaTeX Font Info:    Overwriting symbol font `letters' in version `normal'
(Font)                  OML/cmm/m/it --> OML/lmm/m/it on input line 23.
LaTeX Font Info:    Overwriting symbol font `symbols' in version `normal'
(Font)                  OMS/cmsy/m/n --> OMS/lmsy/m/n on input line 24.
LaTeX Font Info:    Overwriting symbol font `largesymbols' in version `normal'
(Font)                  OMX/cmex/m/n --> OMX/lmex/m/n on input line 25.
LaTeX Font Info:    Overwriting symbol font `operators' in version `bold'
(Font)                  OT1/cmr/bx/n --> OT1/lmr/bx/n on input line 26.
LaTeX Font Info:    Overwriting symbol font `letters' in version `bold'
(Font)                  OML/cmm/b/it --> OML/lmm/b/it on input line 27.
LaTeX Font Info:    Overwriting symbol font `symbols' in version `bold'
(Font)                  OMS/cmsy/b/n --> OMS/lmsy/b/n on input line 28.
LaTeX Font Info:    Overwriting symbol font `largesymbols' in version `bold'
(Font)                  OMX/cmex/m/n --> OMX/lmex/m/n on input line 29.
LaTeX Font Info:    Overwriting math alphabet `\mathbf' in version `normal'
(Font)                  OT1/cmr/bx/n --> OT1/lmr/bx/n on input line 31.
LaTeX Font Info:    Overwriting math alphabet `\mathsf' in version `normal'
(Font)                  OT1/cmss/m/n --> OT1/lmss/m/n on input line 32.
LaTeX Font Info:    Overwriting math alphabet `\mathit' in version `normal'
(Font)                  OT1/cmr/m/it --> OT1/lmr/m/it on input line 33.
LaTeX Font Info:    Overwriting math alphabet `\mathtt' in version `normal'
(Font)                  OT1/cmtt/m/n --> OT1/lmtt/m/n on input line 34.
LaTeX Font Info:    Overwriting math alphabet `\mathbf' in version `bold'
(Font)                  OT1/cmr/bx/n --> OT1/lmr/bx/n on input line 35.
LaTeX Font Info:    Overwriting math alphabet `\mathsf' in version `bold'
(Font)                  OT1/cmss/bx/n --> OT1/lmss/bx/n on input line 36.
LaTeX Font Info:    Overwriting math alphabet `\mathit' in version `bold'
(Font)                  OT1/cmr/bx/it --> OT1/lmr/bx/it on input line 37.
LaTeX Font Info:    Overwriting math alphabet `\mathtt' in version `bold'
(Font)                  OT1/cmtt/m/n --> OT1/lmtt/m/n on input line 38.
) (/Users/andrewshin/Library/TinyTeX/texmf-dist/tex/latex/xcolor/xcolor.sty
Package: xcolor 2023/11/15 v3.01 LaTeX color extensions (UK)
(/Users/andrewshin/Library/TinyTeX/texmf-dist/tex/latex/graphics-cfg/color.cfg
File: color.cfg 2016/01/02 v1.6 sample color configuration
)
Package xcolor Info: Driver file: pdftex.def on input line 274.
(/Users/andrewshin/Library/TinyTeX/texmf-dist/tex/latex/graphics-def/pdftex.def
File: pdftex.def 2024/04/13 v1.2c Graphics/color driver for pdftex
) (/Users/andrewshin/Library/TinyTeX/texmf-dist/tex/latex/graphics/mathcolor.ltx)
Package xcolor Info: Model `cmy' substituted by `cmy0' on input line 1350.
Package xcolor Info: Model `hsb' substituted by `rgb' on input line 1354.
Package xcolor Info: Model `RGB' extended on input line 1366.
Package xcolor Info: Model `HTML' substituted by `rgb' on input line 1368.
Package xcolor Info: Model `Hsb' substituted by `hsb' on input line 1369.
Package xcolor Info: Model `tHsb' substituted by `hsb' on input line 1370.
Package xcolor Info: Model `HSB' substituted by `hsb' on input line 1371.
Package xcolor Info: Model `Gray' substituted by `gray' on input line 1372.
Package xcolor Info: Model `wave' substituted by `hsb' on input line 1373.
) (/Users/andrewshin/Library/TinyTeX/texmf-dist/tex/latex/geometry/geometry.sty
Package: geometry 2020/01/02 v5.9 Page Geometry
(/Users/andrewshin/Library/TinyTeX/texmf-dist/tex/latex/graphics/keyval.sty
Package: keyval 2022/05/29 v1.15 key=value parser (DPC)
\KV@toks@=\toks24
) (/Users/andrewshin/Library/TinyTeX/texmf-dist/tex/generic/iftex/ifvtex.sty
Package: ifvtex 2019/10/25 v1.7 ifvtex legacy package. Use iftex instead.
)
\Gm@cnth=\count280
\Gm@cntv=\count281
\c@Gm@tempcnt=\count282
\Gm@bindingoffset=\dimen151
\Gm@wd@mp=\dimen152
\Gm@odd@mp=\dimen153
\Gm@even@mp=\dimen154
\Gm@layoutwidth=\dimen155
\Gm@layoutheight=\dimen156
\Gm@layouthoffset=\dimen157
\Gm@layoutvoffset=\dimen158
\Gm@dimlist=\toks25
) (/Users/andrewshin/Library/TinyTeX/texmf-dist/tex/latex/fancyvrb/fancyvrb.sty
Package: fancyvrb 2024/01/20 4.5c verbatim text (tvz,hv)
\FV@CodeLineNo=\count283
\FV@InFile=\read2
\FV@TabBox=\box54
\c@FancyVerbLine=\count284
\FV@StepNumber=\count285
\FV@OutFile=\write3
) (/Users/andrewshin/Library/TinyTeX/texmf-dist/tex/latex/framed/framed.sty
Package: framed 2011/10/22 v 0.96: framed or shaded text with page breaks
\OuterFrameSep=\skip54
\fb@frw=\dimen159
\fb@frh=\dimen160
\FrameRule=\dimen161
\FrameSep=\dimen162
) (/Users/andrewshin/Library/TinyTeX/texmf-dist/tex/latex/tools/longtable.sty
Package: longtable 2024-04-26 v4.20 Multi-page Table package (DPC)
\LTleft=\skip55
\LTright=\skip56
\LTpre=\skip57
\LTpost=\skip58
\LTchunksize=\count286
\LTcapwidth=\dimen163
\LT@head=\box55
\LT@firsthead=\box56
\LT@foot=\box57
\LT@lastfoot=\box58
\LT@gbox=\box59
\LT@cols=\count287
\LT@rows=\count288
\c@LT@tables=\count289
\c@LT@chunks=\count290
\LT@p@ftn=\toks26
) (/Users/andrewshin/Library/TinyTeX/texmf-dist/tex/latex/booktabs/booktabs.sty
Package: booktabs 2020/01/12 v1.61803398 Publication quality tables
\heavyrulewidth=\dimen164
\lightrulewidth=\dimen165
\cmidrulewidth=\dimen166
\belowrulesep=\dimen167
\belowbottomsep=\dimen168
\aboverulesep=\dimen169
\abovetopsep=\dimen170
\cmidrulesep=\dimen171
\cmidrulekern=\dimen172
\defaultaddspace=\dimen173
\@cmidla=\count291
\@cmidlb=\count292
\@aboverulesep=\dimen174
\@belowrulesep=\dimen175
\@thisruleclass=\count293
\@lastruleclass=\count294
\@thisrulewidth=\dimen176
) (/Users/andrewshin/Library/TinyTeX/texmf-dist/tex/latex/tools/array.sty
Package: array 2024/06/14 v2.6d Tabular extension package (FMi)
\col@sep=\dimen177
\ar@mcellbox=\box60
\extrarowheight=\dimen178
\NC@list=\toks27
\extratabsurround=\skip59
\backup@length=\skip60
\ar@cellbox=\box61
) (/Users/andrewshin/Library/TinyTeX/texmf-dist/tex/latex/tools/calc.sty
Package: calc 2023/07/08 v4.3 Infix arithmetic (KKT,FJ)
\calc@Acount=\count295
\calc@Bcount=\count296
\calc@Adimen=\dimen179
\calc@Bdimen=\dimen180
\calc@Askip=\skip61
\calc@Bskip=\skip62
LaTeX Info: Redefining \setlength on input line 80.
LaTeX Info: Redefining \addtolength on input line 81.
\calc@Ccount=\count297
\calc@Cskip=\skip63
) (/Users/andrewshin/Library/TinyTeX/texmf-dist/tex/latex/etoolbox/etoolbox.sty
Package: etoolbox 2020/10/05 v2.5k e-TeX tools for LaTeX (JAW)
\etb@tempcnta=\count298
) (/Users/andrewshin/Library/TinyTeX/texmf-dist/tex/latex/mdwtools/footnote.sty
Package: footnote 1997/01/28 1.13 Save footnotes around boxes
\fn@notes=\box62
\fn@width=\dimen181
) (/Users/andrewshin/Library/TinyTeX/texmf-dist/tex/latex/graphics/graphicx.sty
Package: graphicx 2021/09/16 v1.2d Enhanced LaTeX Graphics (DPC,SPQR)
(/Users/andrewshin/Library/TinyTeX/texmf-dist/tex/latex/graphics/graphics.sty
Package: graphics 2024/05/23 v1.4g Standard LaTeX Graphics (DPC,SPQR)
(/Users/andrewshin/Library/TinyTeX/texmf-dist/tex/latex/graphics/trig.sty
Package: trig 2023/12/02 v1.11 sin cos tan (DPC)
) (/Users/andrewshin/Library/TinyTeX/texmf-dist/tex/latex/graphics-cfg/graphics.cfg
File: graphics.cfg 2016/06/04 v1.11 sample graphics configuration
)
Package graphics Info: Driver file: pdftex.def on input line 106.
)
\Gin@req@height=\dimen182
\Gin@req@width=\dimen183
) (/Users/andrewshin/Library/TinyTeX/texmf-dist/tex/latex/bookmark/bookmark.sty
Package: bookmark 2023-12-10 v1.31 PDF bookmarks (HO)
(/Users/andrewshin/Library/TinyTeX/texmf-dist/tex/latex/hyperref/hyperref.sty
Package: hyperref 2024-07-10 v7.01j Hypertext links for LaTeX
(/Users/andrewshin/Library/TinyTeX/texmf-dist/tex/latex/kvsetkeys/kvsetkeys.sty
Package: kvsetkeys 2022-10-05 v1.19 Key value parser (HO)
) (/Users/andrewshin/Library/TinyTeX/texmf-dist/tex/generic/kvdefinekeys/kvdefinekeys.sty
Package: kvdefinekeys 2019-12-19 v1.6 Define keys (HO)
) (/Users/andrewshin/Library/TinyTeX/texmf-dist/tex/generic/pdfescape/pdfescape.sty
Package: pdfescape 2019/12/09 v1.15 Implements pdfTeX's escape features (HO)
(/Users/andrewshin/Library/TinyTeX/texmf-dist/tex/generic/ltxcmds/ltxcmds.sty
Package: ltxcmds 2023-12-04 v1.26 LaTeX kernel commands for general use (HO)
) (/Users/andrewshin/Library/TinyTeX/texmf-dist/tex/generic/pdftexcmds/pdftexcmds.sty
Package: pdftexcmds 2020-06-27 v0.33 Utility functions of pdfTeX for LuaTeX (HO)
(/Users/andrewshin/Library/TinyTeX/texmf-dist/tex/generic/infwarerr/infwarerr.sty
Package: infwarerr 2019/12/03 v1.5 Providing info/warning/error messages (HO)
)
Package pdftexcmds Info: \pdf@primitive is available.
Package pdftexcmds Info: \pdf@ifprimitive is available.
Package pdftexcmds Info: \pdfdraftmode found.
)) (/Users/andrewshin/Library/TinyTeX/texmf-dist/tex/latex/hycolor/hycolor.sty
Package: hycolor 2020-01-27 v1.10 Color options for hyperref/bookmark (HO)
) (/Users/andrewshin/Library/TinyTeX/texmf-dist/tex/latex/hyperref/nameref.sty
Package: nameref 2023-11-26 v2.56 Cross-referencing by name of section
(/Users/andrewshin/Library/TinyTeX/texmf-dist/tex/latex/refcount/refcount.sty
Package: refcount 2019/12/15 v3.6 Data extraction from label references (HO)
) (/Users/andrewshin/Library/TinyTeX/texmf-dist/tex/generic/gettitlestring/gettitlestring.sty
Package: gettitlestring 2019/12/15 v1.6 Cleanup title references (HO)
(/Users/andrewshin/Library/TinyTeX/texmf-dist/tex/latex/kvoptions/kvoptions.sty
Package: kvoptions 2022-06-15 v3.15 Key value format for package options (HO)
))
\c@section@level=\count299
) (/Users/andrewshin/Library/TinyTeX/texmf-dist/tex/generic/stringenc/stringenc.sty
Package: stringenc 2019/11/29 v1.12 Convert strings between diff. encodings (HO)
)
\@linkdim=\dimen184
\Hy@linkcounter=\count300
\Hy@pagecounter=\count301
(/Users/andrewshin/Library/TinyTeX/texmf-dist/tex/latex/hyperref/pd1enc.def
File: pd1enc.def 2024-07-10 v7.01j Hyperref: PDFDocEncoding definition (HO)
Now handling font encoding PD1 ...
... no UTF-8 mapping file for font encoding PD1
) (/Users/andrewshin/Library/TinyTeX/texmf-dist/tex/generic/intcalc/intcalc.sty
Package: intcalc 2019/12/15 v1.3 Expandable calculations with integers (HO)
)
\Hy@SavedSpaceFactor=\count302
(/Users/andrewshin/Library/TinyTeX/texmf-dist/tex/latex/hyperref/puenc.def
File: puenc.def 2024-07-10 v7.01j Hyperref: PDF Unicode definition (HO)
Now handling font encoding PU ...
... no UTF-8 mapping file for font encoding PU
)
Package hyperref Info: Option `unicode' set `true' on input line 4040.
Package hyperref Info: Hyper figures OFF on input line 4157.
Package hyperref Info: Link nesting OFF on input line 4162.
Package hyperref Info: Hyper index ON on input line 4165.
Package hyperref Info: Plain pages OFF on input line 4172.
Package hyperref Info: Backreferencing OFF on input line 4177.
Package hyperref Info: Implicit mode ON; LaTeX internals redefined.
Package hyperref Info: Bookmarks ON on input line 4424.
\c@Hy@tempcnt=\count303
(/Users/andrewshin/Library/TinyTeX/texmf-dist/tex/latex/url/url.sty
\Urlmuskip=\muskip18
Package: url 2013/09/16  ver 3.4  Verb mode for urls, etc.
)
LaTeX Info: Redefining \url on input line 4763.
\XeTeXLinkMargin=\dimen185
(/Users/andrewshin/Library/TinyTeX/texmf-dist/tex/generic/bitset/bitset.sty
Package: bitset 2019/12/09 v1.3 Handle bit-vector datatype (HO)
(/Users/andrewshin/Library/TinyTeX/texmf-dist/tex/generic/bigintcalc/bigintcalc.sty
Package: bigintcalc 2019/12/15 v1.5 Expandable calculations on big integers (HO)
))
\Fld@menulength=\count304
\Field@Width=\dimen186
\Fld@charsize=\dimen187
Package hyperref Info: Hyper figures OFF on input line 6042.
Package hyperref Info: Link nesting OFF on input line 6047.
Package hyperref Info: Hyper index ON on input line 6050.
Package hyperref Info: backreferencing OFF on input line 6057.
Package hyperref Info: Link coloring OFF on input line 6062.
Package hyperref Info: Link coloring with OCG OFF on input line 6067.
Package hyperref Info: PDF/A mode OFF on input line 6072.
(/Users/andrewshin/Library/TinyTeX/texmf-dist/tex/latex/base/atbegshi-ltx.sty
Package: atbegshi-ltx 2021/01/10 v1.0c Emulation of the original atbegshi
package with kernel methods
)
\Hy@abspage=\count305
\c@Item=\count306
\c@Hfootnote=\count307
)
Package hyperref Info: Driver (autodetected): hpdftex.
(/Users/andrewshin/Library/TinyTeX/texmf-dist/tex/latex/hyperref/hpdftex.def
File: hpdftex.def 2024-07-10 v7.01j Hyperref driver for pdfTeX
(/Users/andrewshin/Library/TinyTeX/texmf-dist/tex/latex/base/atveryend-ltx.sty
Package: atveryend-ltx 2020/08/19 v1.0a Emulation of the original atveryend package
with kernel methods
)
\Fld@listcount=\count308
\c@bookmark@seq@number=\count309
(/Users/andrewshin/Library/TinyTeX/texmf-dist/tex/latex/rerunfilecheck/rerunfilecheck.sty
Package: rerunfilecheck 2022-07-10 v1.10 Rerun checks for auxiliary files (HO)
(/Users/andrewshin/Library/TinyTeX/texmf-dist/tex/generic/uniquecounter/uniquecounter.sty
Package: uniquecounter 2019/12/15 v1.4 Provide unlimited unique counter (HO)
)
Package uniquecounter Info: New unique counter `rerunfilecheck' on input line 285.
)
\Hy@SectionHShift=\skip64
) (/Users/andrewshin/Library/TinyTeX/texmf-dist/tex/latex/bookmark/bkm-pdftex.def
File: bkm-pdftex.def 2023-12-10 v1.31 bookmark driver for pdfTeX and luaTeX (HO)
\BKM@id=\count310
))
LaTeX Font Info:    Trying to load font information for T1+lmr on input line 124.
(/Users/andrewshin/Library/TinyTeX/texmf-dist/tex/latex/lm/t1lmr.fd
File: t1lmr.fd 2015/05/01 v1.6.1 Font defs for Latin Modern
) (/Users/andrewshin/Library/TinyTeX/texmf-dist/tex/latex/l3backend/l3backend-pdftex.def
File: l3backend-pdftex.def 2024-05-08 L3 backend support: PDF output (pdfTeX)
\l__color_backend_stack_int=\count311
\l__pdf_internal_box=\box63
) (./project.aux)
\openout1 = `project.aux'.

LaTeX Font Info:    Checking defaults for OML/cmm/m/it on input line 124.
LaTeX Font Info:    ... okay on input line 124.
LaTeX Font Info:    Checking defaults for OMS/cmsy/m/n on input line 124.
LaTeX Font Info:    ... okay on input line 124.
LaTeX Font Info:    Checking defaults for OT1/cmr/m/n on input line 124.
LaTeX Font Info:    ... okay on input line 124.
LaTeX Font Info:    Checking defaults for T1/cmr/m/n on input line 124.
LaTeX Font Info:    ... okay on input line 124.
LaTeX Font Info:    Checking defaults for TS1/cmr/m/n on input line 124.
LaTeX Font Info:    ... okay on input line 124.
LaTeX Font Info:    Checking defaults for OMX/cmex/m/n on input line 124.
LaTeX Font Info:    ... okay on input line 124.
LaTeX Font Info:    Checking defaults for U/cmr/m/n on input line 124.
LaTeX Font Info:    ... okay on input line 124.
LaTeX Font Info:    Checking defaults for PD1/pdf/m/n on input line 124.
LaTeX Font Info:    ... okay on input line 124.
LaTeX Font Info:    Checking defaults for PU/pdf/m/n on input line 124.
LaTeX Font Info:    ... okay on input line 124.
(/Users/andrewshin/Library/TinyTeX/texmf-dist/tex/latex/epstopdf-pkg/epstopdf-base.sty
Package: epstopdf-base 2020-01-24 v2.11 Base part for package epstopdf
Package epstopdf-base Info: Redefining graphics rule for `.eps' on input line 485.
(/Users/andrewshin/Library/TinyTeX/texmf-dist/tex/latex/latexconfig/epstopdf-sys.cfg
File: epstopdf-sys.cfg 2010/07/13 v1.3 Configuration of (r)epstopdf for TeX Live
))
*geometry* driver: auto-detecting
*geometry* detected driver: pdftex
*geometry* verbose mode - [ preamble ] result:
* driver: pdftex
* paper: <default>
* layout: <same size as paper>
* layoutoffset:(h,v)=(0.0pt,0.0pt)
* modes: 
* h-part:(L,W,R)=(72.26999pt, 469.75502pt, 72.26999pt)
* v-part:(T,H,B)=(72.26999pt, 650.43001pt, 72.26999pt)
* \paperwidth=614.295pt
* \paperheight=794.96999pt
* \textwidth=469.75502pt
* \textheight=650.43001pt
* \oddsidemargin=0.0pt
* \evensidemargin=0.0pt
* \topmargin=-37.0pt
* \headheight=12.0pt
* \headsep=25.0pt
* \topskip=10.0pt
* \footskip=30.0pt
* \marginparwidth=65.0pt
* \marginparsep=11.0pt
* \columnsep=10.0pt
* \skip\footins=9.0pt plus 4.0pt minus 2.0pt
* \hoffset=0.0pt
* \voffset=0.0pt
* \mag=1000
* \@twocolumnfalse
* \@twosidefalse
* \@mparswitchfalse
* \@reversemarginfalse
* (1in=72.27pt=25.4mm, 1cm=28.453pt)

Package hyperref Info: Link coloring OFF on input line 124.
LaTeX Font Info:    Trying to load font information for OT1+lmr on input line 126.
(/Users/andrewshin/Library/TinyTeX/texmf-dist/tex/latex/lm/ot1lmr.fd
File: ot1lmr.fd 2015/05/01 v1.6.1 Font defs for Latin Modern
)
LaTeX Font Info:    Trying to load font information for OML+lmm on input line 126.
(/Users/andrewshin/Library/TinyTeX/texmf-dist/tex/latex/lm/omllmm.fd
File: omllmm.fd 2015/05/01 v1.6.1 Font defs for Latin Modern
)
LaTeX Font Info:    Trying to load font information for OMS+lmsy on input line 126.
(/Users/andrewshin/Library/TinyTeX/texmf-dist/tex/latex/lm/omslmsy.fd
File: omslmsy.fd 2015/05/01 v1.6.1 Font defs for Latin Modern
)
LaTeX Font Info:    Trying to load font information for OMX+lmex on input line 126.
(/Users/andrewshin/Library/TinyTeX/texmf-dist/tex/latex/lm/omxlmex.fd
File: omxlmex.fd 2015/05/01 v1.6.1 Font defs for Latin Modern
)
LaTeX Font Info:    External font `lmex10' loaded for size
(Font)              <12> on input line 126.
LaTeX Font Info:    External font `lmex10' loaded for size
(Font)              <8> on input line 126.
LaTeX Font Info:    External font `lmex10' loaded for size
(Font)              <6> on input line 126.
LaTeX Font Info:    Trying to load font information for U+msa on input line 126.
(/Users/andrewshin/Library/TinyTeX/texmf-dist/tex/latex/amsfonts/umsa.fd
File: umsa.fd 2013/01/14 v3.01 AMS symbols A
)
LaTeX Font Info:    Trying to load font information for U+msb on input line 126.
(/Users/andrewshin/Library/TinyTeX/texmf-dist/tex/latex/amsfonts/umsb.fd
File: umsb.fd 2013/01/14 v3.01 AMS symbols B
)

[1

{/Users/andrewshin/Library/TinyTeX/texmf-var/fonts/map/pdftex/updmap/pdftex.map}{/Users/andrewshin/Library/TinyTeX/texmf-dist/fonts/enc/dvips/lm/lm-ec.enc}]
LaTeX Font Info:    External font `lmex10' loaded for size
(Font)              <10> on input line 207.
LaTeX Font Info:    External font `lmex10' loaded for size
(Font)              <7> on input line 207.
LaTeX Font Info:    External font `lmex10' loaded for size
(Font)              <5> on input line 207.
LaTeX Font Info:    Trying to load font information for TS1+lmr on input line 228.
(/Users/andrewshin/Library/TinyTeX/texmf-dist/tex/latex/lm/ts1lmr.fd
File: ts1lmr.fd 2015/05/01 v1.6.1 Font defs for Latin Modern
)

[2{/Users/andrewshin/Library/TinyTeX/texmf-dist/fonts/enc/dvips/lm/lm-mathit.enc}{/Users/andrewshin/Library/TinyTeX/texmf-dist/fonts/enc/dvips/lm/lm-rm.enc}{/Users/andrewshin/Library/TinyTeX/texmf-dist/fonts/enc/dvips/lm/lm-mathsy.enc}{/Users/andrewshin/Library/TinyTeX/texmf-dist/fonts/enc/dvips/lm/lm-ts1.enc}{/Users/andrewshin/Library/TinyTeX/texmf-dist/fonts/enc/dvips/lm/lm-mathex.enc}]
LaTeX Font Info:    Trying to load font information for T1+lmtt on input line 316.
(/Users/andrewshin/Library/TinyTeX/texmf-dist/tex/latex/lm/t1lmtt.fd
File: t1lmtt.fd 2015/05/01 v1.6.1 Font defs for Latin Modern
)
LaTeX Font Info:    Font shape `T1/lmtt/bx/n' in size <10> not available
(Font)              Font shape `T1/lmtt/b/n' tried instead on input line 317.

Overfull \hbox (1.88252pt too wide) in paragraph at lines 337--338
 []\T1/lmr/m/n/10 Aymeric
 []


Overfull \hbox (4.08273pt too wide) in paragraph at lines 341--342
 []\T1/lmr/m/n/10 Fabián
 []


Overfull \hbox (4.7316pt too wide) in paragraph at lines 343--344
 []\T1/lmr/m/n/10 Lamine
 []


Overfull \hbox (8.90884pt too wide) in paragraph at lines 347--348
 \T1/lmr/m/n/10 Williams
 []


Overfull \hbox (8.35878pt too wide) in paragraph at lines 349--350
 []\T1/lmr/m/n/10 Pedri
 []


Overfull \hbox (10.02534pt too wide) in paragraph at lines 353--354
 []\T1/lmr/m/n/10 Rodri
 []


Overfull \hbox (3.84956pt too wide) in paragraph at lines 355--356
 \T1/lmr/m/n/10 Simón
 []


Overfull \hbox (2.21503pt too wide) in paragraph at lines 357--358
 \T1/lmr/m/n/10 Morata
 []


Overfull \hbox (2.2771pt too wide) in paragraph at lines 363--363
 []|\T1/lmr/m/n/10 0.0227|
 []


Overfull \hbox (12.9144pt too wide) in paragraph at lines 364--364
 []|\T1/lmr/m/n/10 0.0909|
 []


Overfull \hbox (12.9144pt too wide) in paragraph at lines 364--364
 []|\T1/lmr/m/n/10 0.1364|
 []


Overfull \hbox (4.40558pt too wide) in paragraph at lines 364--364
 []|\T1/lmr/m/n/10 0.0000|
 []


Overfull \hbox (2.2771pt too wide) in paragraph at lines 365--365
 []|\T1/lmr/m/n/10 0.0000|
 []


Overfull \hbox (12.9144pt too wide) in paragraph at lines 366--366
 []|\T1/lmr/m/n/10 0.1200|
 []


Overfull \hbox (12.9144pt too wide) in paragraph at lines 366--366
 []|\T1/lmr/m/n/10 0.2800|
 []


Overfull \hbox (4.40558pt too wide) in paragraph at lines 366--366
 []|\T1/lmr/m/n/10 0.0000|
 []


Overfull \hbox (2.2771pt too wide) in paragraph at lines 367--367
 []|\T1/lmr/m/n/10 0.0000|
 []


Overfull \hbox (12.9144pt too wide) in paragraph at lines 368--368
 []|\T1/lmr/m/n/10 0.0625|
 []


Overfull \hbox (12.9144pt too wide) in paragraph at lines 368--368
 []|\T1/lmr/m/n/10 0.3125|
 []


Overfull \hbox (4.40558pt too wide) in paragraph at lines 368--368
 []|\T1/lmr/m/n/10 0.0000|
 []


Overfull \hbox (2.2771pt too wide) in paragraph at lines 369--369
 []|\T1/lmr/m/n/10 0.0000|
 []


Overfull \hbox (12.9144pt too wide) in paragraph at lines 370--370
 []|\T1/lmr/m/n/10 0.3333|
 []


Overfull \hbox (12.9144pt too wide) in paragraph at lines 370--370
 []|\T1/lmr/m/n/10 0.0667|
 []


Overfull \hbox (4.40558pt too wide) in paragraph at lines 370--370
 []|\T1/lmr/m/n/10 0.0000|
 []


Overfull \hbox (2.2771pt too wide) in paragraph at lines 371--371
 []|\T1/lmr/m/n/10 0.1667|
 []


Overfull \hbox (12.9144pt too wide) in paragraph at lines 372--372
 []|\T1/lmr/m/n/10 0.0278|
 []


Overfull \hbox (12.9144pt too wide) in paragraph at lines 372--372
 []|\T1/lmr/m/n/10 0.1389|
 []


Overfull \hbox (4.40558pt too wide) in paragraph at lines 372--372
 []|\T1/lmr/m/n/10 0.0278|
 []


Overfull \hbox (2.55945pt too wide) in paragraph at lines 373--373
\T1/lmr/m/n/10 Williams|  
 []


Overfull \hbox (2.2771pt too wide) in paragraph at lines 373--373
 []|\T1/lmr/m/n/10 0.0769|
 []


Overfull \hbox (12.9144pt too wide) in paragraph at lines 374--374
 []|\T1/lmr/m/n/10 0.0769|
 []


Overfull \hbox (12.9144pt too wide) in paragraph at lines 374--374
 []|\T1/lmr/m/n/10 0.0769|
 []


Overfull \hbox (4.40558pt too wide) in paragraph at lines 374--374
 []|\T1/lmr/m/n/10 0.0000|
 []


Overfull \hbox (2.2771pt too wide) in paragraph at lines 375--375
 []|\T1/lmr/m/n/10 0.3333|
 []


Overfull \hbox (12.9144pt too wide) in paragraph at lines 375--375
 []|\T1/lmr/m/n/10 0.0000|
 []


Overfull \hbox (12.9144pt too wide) in paragraph at lines 376--376
 []|\T1/lmr/m/n/10 0.0667|
 []


Overfull \hbox (4.40558pt too wide) in paragraph at lines 376--376
 []|\T1/lmr/m/n/10 0.0000|
 []


Overfull \hbox (2.2771pt too wide) in paragraph at lines 377--377
 []|\T1/lmr/m/n/10 0.0000|
 []


Overfull \hbox (12.9144pt too wide) in paragraph at lines 378--378
 []|\T1/lmr/m/n/10 0.0000|
 []


Overfull \hbox (12.9144pt too wide) in paragraph at lines 378--378
 []|\T1/lmr/m/n/10 0.1667|
 []


Overfull \hbox (4.40558pt too wide) in paragraph at lines 378--378
 []|\T1/lmr/m/n/10 0.0833|
 []


Overfull \hbox (2.2771pt too wide) in paragraph at lines 379--379
 []|\T1/lmr/m/n/10 0.1818|
 []


Overfull \hbox (12.9144pt too wide) in paragraph at lines 379--379
 []|\T1/lmr/m/n/10 0.1212|
 []


Overfull \hbox (12.9144pt too wide) in paragraph at lines 380--380
 []|\T1/lmr/m/n/10 0.0000|
 []


Overfull \hbox (4.40558pt too wide) in paragraph at lines 380--380
 []|\T1/lmr/m/n/10 0.0000|
 []


Overfull \hbox (2.2771pt too wide) in paragraph at lines 381--381
 []|\T1/lmr/m/n/10 0.0000|
 []


Overfull \hbox (12.9144pt too wide) in paragraph at lines 382--382
 []|\T1/lmr/m/n/10 0.0000|
 []


Overfull \hbox (12.9144pt too wide) in paragraph at lines 382--382
 []|\T1/lmr/m/n/10 0.2500|
 []


Overfull \hbox (4.40558pt too wide) in paragraph at lines 382--382
 []|\T1/lmr/m/n/10 0.0000|
 []


Overfull \hbox (2.2771pt too wide) in paragraph at lines 383--383
 []|\T1/lmr/m/n/10 0.3333|
 []


Overfull \hbox (12.9144pt too wide) in paragraph at lines 384--384
 []|\T1/lmr/m/n/10 0.0000|
 []


Overfull \hbox (12.9144pt too wide) in paragraph at lines 384--384
 []|\T1/lmr/m/n/10 0.6667|
 []


Overfull \hbox (4.40558pt too wide) in paragraph at lines 384--384
 []|\T1/lmr/m/n/10 0.0000|
 []

[3]

LaTeX Warning: Command \' invalid in math mode on input line 437.



[4]

[5]
<plots/comparison_plot.png, id=60, 505.89pt x 361.35pt>
File: plots/comparison_plot.png Graphic file (type png)
<use plots/comparison_plot.png>
Package pdftex.def Info: plots/comparison_plot.png  used on input line 549.
(pdftex.def)             Requested size: 469.76265pt x 335.54477pt.

Overfull \hbox (32.82411pt too wide) detected at line 555
\OML/lmm/m/it/10 rmse[] \OT1/lmr/m/n/10 = []\OML/lmm/m/it/10 ;  rmse[] \OT1/lmr/m/n/10 = []
 []



[6 <./plots/comparison_plot.png>]
Overfull \hbox (15.86055pt too wide) in paragraph at lines 630--631
[]\T1/lmr/m/n/10 Iteration  
 []


Overfull \hbox (0.86475pt too wide) in paragraph at lines 632--633
 \T1/lmr/m/n/10 Morata
 []


Overfull \hbox (2.93344pt too wide) in paragraph at lines 638--639
 []\T1/lmr/m/n/10 Fabián
 []


Overfull \hbox (3.48439pt too wide) in paragraph at lines 640--641
 []\T1/lmr/m/n/10 Lamine
 []


Overfull \hbox (7.55856pt too wide) in paragraph at lines 644--645
 \T1/lmr/m/n/10 Williams
 []


Overfull \hbox (7.65273pt too wide) in paragraph at lines 646--647
 []\T1/lmr/m/n/10 Pedri
 []


Overfull \hbox (9.31929pt too wide) in paragraph at lines 650--651
 []\T1/lmr/m/n/10 Rodri
 []


Overfull \hbox (2.76729pt too wide) in paragraph at lines 652--653
 \T1/lmr/m/n/10 Simón
 []


Overfull \hbox (15.86055pt too wide) in paragraph at lines 658--659
[]\T1/lmr/m/n/10 Iteration  
 []


Overfull \hbox (0.86475pt too wide) in paragraph at lines 660--661
 \T1/lmr/m/n/10 Morata
 []


Overfull \hbox (2.93344pt too wide) in paragraph at lines 666--667
 []\T1/lmr/m/n/10 Fabián
 []


Overfull \hbox (3.48439pt too wide) in paragraph at lines 668--669
 []\T1/lmr/m/n/10 Lamine
 []


Overfull \hbox (7.55856pt too wide) in paragraph at lines 672--673
 \T1/lmr/m/n/10 Williams
 []


Overfull \hbox (7.65273pt too wide) in paragraph at lines 674--675
 []\T1/lmr/m/n/10 Pedri
 []


Overfull \hbox (9.31929pt too wide) in paragraph at lines 678--679
 []\T1/lmr/m/n/10 Rodri
 []


Overfull \hbox (2.76729pt too wide) in paragraph at lines 680--681
 \T1/lmr/m/n/10 Simón
 []


Overfull \hbox (1.1278pt too wide) in paragraph at lines 686--686
 []|\T1/lmr/m/n/10 0.0853|
 []


Overfull \hbox (12.20834pt too wide) in paragraph at lines 687--687
 []|\T1/lmr/m/n/10 0.0853|
 []


Overfull \hbox (12.20834pt too wide) in paragraph at lines 687--687
 []|\T1/lmr/m/n/10 0.1347|
 []


Overfull \hbox (3.3233pt too wide) in paragraph at lines 687--688
 []|\T1/lmr/m/n/10 0.0200|
 []


Overfull \hbox (1.1278pt too wide) in paragraph at lines 688--688
 []|\T1/lmr/m/n/10 0.0826|
 []


Overfull \hbox (12.20834pt too wide) in paragraph at lines 689--689
 []|\T1/lmr/m/n/10 0.0877|
 []


Overfull \hbox (12.20834pt too wide) in paragraph at lines 689--689
 []|\T1/lmr/m/n/10 0.1443|
 []


Overfull \hbox (3.3233pt too wide) in paragraph at lines 689--690
 []|\T1/lmr/m/n/10 0.0129|
 []


Overfull \hbox (1.1278pt too wide) in paragraph at lines 690--690
 []|\T1/lmr/m/n/10 0.0886|
 []


Overfull \hbox (12.20834pt too wide) in paragraph at lines 691--691
 []|\T1/lmr/m/n/10 0.0836|
 []


Overfull \hbox (12.20834pt too wide) in paragraph at lines 691--691
 []|\T1/lmr/m/n/10 0.1458|
 []


Overfull \hbox (3.3233pt too wide) in paragraph at lines 691--692
 []|\T1/lmr/m/n/10 0.0136|
 []


Overfull \hbox (1.1278pt too wide) in paragraph at lines 692--692
 []|\T1/lmr/m/n/10 0.0879|
 []


Overfull \hbox (12.20834pt too wide) in paragraph at lines 693--693
 []|\T1/lmr/m/n/10 0.0834|
 []


Overfull \hbox (12.20834pt too wide) in paragraph at lines 693--693
 []|\T1/lmr/m/n/10 0.1444|
 []


Overfull \hbox (3.3233pt too wide) in paragraph at lines 693--694
 []|\T1/lmr/m/n/10 0.0134|
 []


Overfull \hbox (15.86055pt too wide) in paragraph at lines 718--719
[]\T1/lmr/m/n/10 Iteration  
 []


Overfull \hbox (0.86475pt too wide) in paragraph at lines 720--721
 \T1/lmr/m/n/10 Morata
 []


Overfull \hbox (2.93344pt too wide) in paragraph at lines 726--727
 []\T1/lmr/m/n/10 Fabián
 []


Overfull \hbox (3.48439pt too wide) in paragraph at lines 728--729
 []\T1/lmr/m/n/10 Lamine
 []


Overfull \hbox (7.55856pt too wide) in paragraph at lines 732--733
 \T1/lmr/m/n/10 Williams
 []


Overfull \hbox (7.65273pt too wide) in paragraph at lines 734--735
 []\T1/lmr/m/n/10 Pedri
 []


Overfull \hbox (9.31929pt too wide) in paragraph at lines 738--739
 []\T1/lmr/m/n/10 Rodri
 []


Overfull \hbox (2.76729pt too wide) in paragraph at lines 740--741
 \T1/lmr/m/n/10 Simón
 []


Overfull \hbox (15.86055pt too wide) in paragraph at lines 746--747
[]\T1/lmr/m/n/10 Iteration  
 []


Overfull \hbox (0.86475pt too wide) in paragraph at lines 748--749
 \T1/lmr/m/n/10 Morata
 []


Overfull \hbox (2.93344pt too wide) in paragraph at lines 754--755
 []\T1/lmr/m/n/10 Fabián
 []


Overfull \hbox (3.48439pt too wide) in paragraph at lines 756--757
 []\T1/lmr/m/n/10 Lamine
 []


Overfull \hbox (7.55856pt too wide) in paragraph at lines 760--761
 \T1/lmr/m/n/10 Williams
 []


Overfull \hbox (7.65273pt too wide) in paragraph at lines 762--763
 []\T1/lmr/m/n/10 Pedri
 []


Overfull \hbox (9.31929pt too wide) in paragraph at lines 766--767
 []\T1/lmr/m/n/10 Rodri
 []


Overfull \hbox (2.76729pt too wide) in paragraph at lines 768--769
 \T1/lmr/m/n/10 Simón
 []


Overfull \hbox (1.1278pt too wide) in paragraph at lines 774--774
 []|\T1/lmr/m/n/10 0.0952|
 []


Overfull \hbox (12.20834pt too wide) in paragraph at lines 775--775
 []|\T1/lmr/m/n/10 0.0794|
 []


Overfull \hbox (12.20834pt too wide) in paragraph at lines 775--775
 []|\T1/lmr/m/n/10 0.1389|
 []


Overfull \hbox (3.3233pt too wide) in paragraph at lines 775--776
 []|\T1/lmr/m/n/10 0.0063|
 []


Overfull \hbox (1.1278pt too wide) in paragraph at lines 776--776
 []|\T1/lmr/m/n/10 0.0849|
 []


Overfull \hbox (12.20834pt too wide) in paragraph at lines 777--777
 []|\T1/lmr/m/n/10 0.0845|
 []


Overfull \hbox (12.20834pt too wide) in paragraph at lines 777--777
 []|\T1/lmr/m/n/10 0.1468|
 []


Overfull \hbox (3.3233pt too wide) in paragraph at lines 777--778
 []|\T1/lmr/m/n/10 0.0141|
 []


Overfull \hbox (1.1278pt too wide) in paragraph at lines 778--778
 []|\T1/lmr/m/n/10 0.0884|
 []


Overfull \hbox (12.20834pt too wide) in paragraph at lines 779--779
 []|\T1/lmr/m/n/10 0.0831|
 []


Overfull \hbox (12.20834pt too wide) in paragraph at lines 779--779
 []|\T1/lmr/m/n/10 0.1459|
 []


Overfull \hbox (3.3233pt too wide) in paragraph at lines 779--780
 []|\T1/lmr/m/n/10 0.0128|
 []


Overfull \hbox (1.1278pt too wide) in paragraph at lines 780--780
 []|\T1/lmr/m/n/10 0.0877|
 []


Overfull \hbox (12.20834pt too wide) in paragraph at lines 781--781
 []|\T1/lmr/m/n/10 0.0839|
 []


Overfull \hbox (12.20834pt too wide) in paragraph at lines 781--781
 []|\T1/lmr/m/n/10 0.1454|
 []


Overfull \hbox (3.3233pt too wide) in paragraph at lines 781--782
 []|\T1/lmr/m/n/10 0.0132|
 []



[7]

[8] (./project.aux)
 ***********
LaTeX2e <2024-06-01> patch level 2
L3 programming layer <2024-05-27>
 ***********
 ) 
Here is how much of TeX's memory you used:
 12053 strings out of 475544
 186303 string characters out of 5776421
 1960905 words of memory out of 5000000
 34458 multiletter control sequences out of 15000+600000
 605095 words of font info for 78 fonts, out of 8000000 for 9000
 14 hyphenation exceptions out of 8191
 89i,7n,93p,660b,587s stack positions out of 10000i,1000n,20000p,200000b,200000s
</Users/andrewshin/Library/TinyTeX/texmf-dist/fonts/type1/public/lm/lmbx10.pfb></Users/andrewshin/Library/TinyTeX/texmf-dist/fonts/type1/public/lm/lmbx12.pfb></Users/andrewshin/Library/TinyTeX/texmf-dist/fonts/type1/public/lm/lmex10.pfb></Users/andrewshin/Library/TinyTeX/texmf-dist/fonts/type1/public/lm/lmmi10.pfb></Users/andrewshin/Library/TinyTeX/texmf-dist/fonts/type1/public/lm/lmmi7.pfb></Users/andrewshin/Library/TinyTeX/texmf-dist/fonts/type1/public/lm/lmr10.pfb></Users/andrewshin/Library/TinyTeX/texmf-dist/fonts/type1/public/lm/lmr12.pfb></Users/andrewshin/Library/TinyTeX/texmf-dist/fonts/type1/public/lm/lmr17.pfb></Users/andrewshin/Library/TinyTeX/texmf-dist/fonts/type1/public/lm/lmr7.pfb></Users/andrewshin/Library/TinyTeX/texmf-dist/fonts/type1/public/lm/lmsy10.pfb></Users/andrewshin/Library/TinyTeX/texmf-dist/fonts/type1/public/lm/lmsy7.pfb></Users/andrewshin/Library/TinyTeX/texmf-dist/fonts/type1/public/lm/lmtk10.pfb></Users/andrewshin/Library/TinyTeX/texmf-dist/fonts/type1/public/lm/lmtt10.pfb>
Output written on project.pdf (8 pages, 425850 bytes).
PDF statistics:
 209 PDF objects out of 1000 (max. 8388607)
 168 compressed objects within 2 object streams
 38 named destinations out of 1000 (max. 500000)
 134 words of extra memory for PDF output out of 10000 (max. 10000000)

